<?xml version="1.0" encoding="UTF-8"?>
<!-- Generated by org.testng.reporters.JUnitXMLReporter -->
<testsuite ignored="0" hostname="SURBHIs-MacBook-Air.local" failures="1" tests="2" name="Error Validation Test" time="47.248" errors="0" timestamp="2025-08-08T11:35:51 IST">
  <testcase classname="ReqPackage.Tests.ErrorValidations" name="LoginErrorValidation" time="5.254">
    <skipped/>
  </testcase> <!-- LoginErrorValidation -->
  <testcase classname="ReqPackage.Tests.ErrorValidations" name="LoginErrorValidation" time="8.386">
    <failure type="java.lang.AssertionError" message="expected [ Incorrect email or password. ] but found [Incorrect email or password.]">
      <![CDATA[java.lang.AssertionError: expected [ Incorrect email or password. ] but found [Incorrect email or password.]
at ReqPackage.Tests.ErrorValidations.LoginErrorValidation(ErrorValidations.java:20)
at java.base/java.util.ArrayList.forEach(ArrayList.java:1596)
at java.base/java.util.concurrent.FutureTask.run(FutureTask.java:317)
at java.base/java.util.concurrent.ThreadPoolExecutor.runWorker(ThreadPoolExecutor.java:1144)
at java.base/java.util.concurrent.ThreadPoolExecutor$Worker.run(ThreadPoolExecutor.java:642)
at java.base/java.lang.Thread.run(Thread.java:1583)
... Removed 21 stack frames]]>
    </failure>
  </testcase> <!-- LoginErrorValidation -->
</testsuite> <!-- Error Validation Test -->
