<?xml version="1.0" encoding="UTF-8"?>
<!-- Generated by org.testng.reporters.JUnitXMLReporter -->
<testsuite ignored="2" hostname="SURBHIs-MacBook-Air.local" failures="0" tests="0" time="0.021" errors="0" timestamp="2025-08-08T11:35:04 IST">
  <testcase classname="ReqPackage.Tests.SubmitOrderTest" name="OrderHistoryTest" time="0.0">
    <ignored/>
  </testcase> <!-- OrderHistoryTest -->
  <testcase classname="ReqPackage.Tests.SubmitOrderTest" name="SubmitOrder" time="0.0">
    <ignored/>
  </testcase> <!-- SubmitOrder -->
</testsuite>
